<?xml version="1.0" encoding="UTF-8"?>
<testsuite name="com.neves6.piazzapanic.tests.poweruptests.TestBasePowerUp" tests="1" skipped="0" failures="0" errors="0" timestamp="2023-04-02T11:29:48" hostname="HP-PAV14" time="0.005">
  <properties/>
  <testcase name="activePrettyPrint" classname="com.neves6.piazzapanic.tests.poweruptests.TestBasePowerUp" time="0.005"/>
  <system-out><![CDATA[]]></system-out>
  <system-err><![CDATA[]]></system-err>
</testsuite>
