<?xml version="1.0" encoding="UTF-8"?>
<testsuite name="com.neves6.piazzapanic.tests.TestPerson" tests="9" skipped="0" failures="0" errors="0" timestamp="2023-03-06T12:58:08" hostname="HP-PAV14" time="0.133">
  <properties/>
  <testcase name="testXSetErroneous" classname="com.neves6.piazzapanic.tests.TestPerson" time="0.001"/>
  <testcase name="testMoveForward" classname="com.neves6.piazzapanic.tests.TestPerson" time="0.0"/>
  <testcase name="testXSet" classname="com.neves6.piazzapanic.tests.TestPerson" time="0.0"/>
  <testcase name="testYSet" classname="com.neves6.piazzapanic.tests.TestPerson" time="0.001"/>
  <testcase name="testPersonConstructorValid" classname="com.neves6.piazzapanic.tests.TestPerson" time="0.001"/>
  <testcase name="testYSetErronous" classname="com.neves6.piazzapanic.tests.TestPerson" time="0.001"/>
  <testcase name="testMoveBackwards" classname="com.neves6.piazzapanic.tests.TestPerson" time="0.0"/>
  <testcase name="testMoveLeft" classname="com.neves6.piazzapanic.tests.TestPerson" time="0.001"/>
  <testcase name="testMoveRight" classname="com.neves6.piazzapanic.tests.TestPerson" time="0.0"/>
  <system-out><![CDATA[]]></system-out>
  <system-err><![CDATA[]]></system-err>
</testsuite>
