<?xml version="1.0" encoding="UTF-8"?>
<testsuite name="com.neves6.piazzapanic.tests.gamemechanisms.TestGameReader" tests="2" skipped="0" failures="0" errors="0" timestamp="2023-04-17T17:18:32" hostname="HP-PAV14" time="0.185">
  <properties/>
  <testcase name="testLoadFromFileI" classname="com.neves6.piazzapanic.tests.gamemechanisms.TestGameReader" time="0.092"/>
  <testcase name="testLoadFromFileII" classname="com.neves6.piazzapanic.tests.gamemechanisms.TestGameReader" time="0.074"/>
  <system-out><![CDATA[]]></system-out>
  <system-err><![CDATA[]]></system-err>
</testsuite>
