<?xml version="1.0" encoding="UTF-8"?>
<testsuite name="com.neves6.piazzapanic.tests.TestScenarioGameMaster" tests="29" skipped="0" failures="0" errors="0" timestamp="2023-04-26T10:00:59" hostname="DESKTOP-79QNHGP" time="13.77">
  <properties/>
  <testcase name="testInteractWithCookingLayerRight" classname="com.neves6.piazzapanic.tests.TestScenarioGameMaster" time="0.795"/>
  <testcase name="testInteractWithFridgeLayerUp" classname="com.neves6.piazzapanic.tests.TestScenarioGameMaster" time="0.376"/>
  <testcase name="testInvalidTiledOverlap" classname="com.neves6.piazzapanic.tests.TestScenarioGameMaster" time="0.339"/>
  <testcase name="testValidTiledOverlap" classname="com.neves6.piazzapanic.tests.TestScenarioGameMaster" time="0.296"/>
  <testcase name="testCookingLayer" classname="com.neves6.piazzapanic.tests.TestScenarioGameMaster" time="0.515"/>
  <testcase name="tryMoveInvalidDown" classname="com.neves6.piazzapanic.tests.TestScenarioGameMaster" time="1.28"/>
  <testcase name="tryMoveInvalidLeft" classname="com.neves6.piazzapanic.tests.TestScenarioGameMaster" time="1.932"/>
  <testcase name="testInteractWithUnlockLayerUp" classname="com.neves6.piazzapanic.tests.TestScenarioGameMaster" time="0.314"/>
  <testcase name="testInteractWithCookingLayerUp" classname="com.neves6.piazzapanic.tests.TestScenarioGameMaster" time="0.26"/>
  <testcase name="testInteractWithFridgeLayerDown" classname="com.neves6.piazzapanic.tests.TestScenarioGameMaster" time="0.496"/>
  <testcase name="testInteractWithFridgeLayerLeft" classname="com.neves6.piazzapanic.tests.TestScenarioGameMaster" time="0.455"/>
  <testcase name="testChefCanNotCoverAnotherChef" classname="com.neves6.piazzapanic.tests.TestScenarioGameMaster" time="0.551"/>
  <testcase name="testGetCorrectChef" classname="com.neves6.piazzapanic.tests.TestScenarioGameMaster" time="0.212"/>
  <testcase name="testChefIsFrozenWhenStuck" classname="com.neves6.piazzapanic.tests.TestScenarioGameMaster" time="0.354"/>
  <testcase name="tryMoveInvalidRight" classname="com.neves6.piazzapanic.tests.TestScenarioGameMaster" time="1.84"/>
  <testcase name="testGetFridgeLayer" classname="com.neves6.piazzapanic.tests.TestScenarioGameMaster" time="0.238"/>
  <testcase name="testInteractWithUnlockLayerDown" classname="com.neves6.piazzapanic.tests.TestScenarioGameMaster" time="0.2"/>
  <testcase name="testInteractWithUnlockLayerLeft" classname="com.neves6.piazzapanic.tests.TestScenarioGameMaster" time="0.217"/>
  <testcase name="tryMoveInvalidUp" classname="com.neves6.piazzapanic.tests.TestScenarioGameMaster" time="0.173"/>
  <testcase name="testInteractWithFridgeLayerRight" classname="com.neves6.piazzapanic.tests.TestScenarioGameMaster" time="0.192"/>
  <testcase name="testInteractWithUnlockLayerRight" classname="com.neves6.piazzapanic.tests.TestScenarioGameMaster" time="0.215"/>
  <testcase name="testBinInteraction" classname="com.neves6.piazzapanic.tests.TestScenarioGameMaster" time="0.217"/>
  <testcase name="testLockedChef" classname="com.neves6.piazzapanic.tests.TestScenarioGameMaster" time="0.194"/>
  <testcase name="testMiscLayer" classname="com.neves6.piazzapanic.tests.TestScenarioGameMaster" time="0.466"/>
  <testcase name="testIngredientsStaffInteractionLocked" classname="com.neves6.piazzapanic.tests.TestScenarioGameMaster" time="0.479"/>
  <testcase name="testGetUnlockLayer" classname="com.neves6.piazzapanic.tests.TestScenarioGameMaster" time="0.199"/>
  <testcase name="testInteractWithCookingLayerDown" classname="com.neves6.piazzapanic.tests.TestScenarioGameMaster" time="0.227"/>
  <testcase name="testInteractWithCookingLayerLeft" classname="com.neves6.piazzapanic.tests.TestScenarioGameMaster" time="0.225"/>
  <testcase name="testIngredientsStaffInteractionUnlocked" classname="com.neves6.piazzapanic.tests.TestScenarioGameMaster" time="0.253"/>
  <system-out><![CDATA[]]></system-out>
  <system-err><![CDATA[]]></system-err>
</testsuite>
