<?xml version="1.0" encoding="UTF-8"?>
<testsuite name="com.neves6.piazzapanic.tests.TestUtility" tests="3" skipped="0" failures="0" errors="0" timestamp="2023-04-26T10:01:13" hostname="DESKTOP-79QNHGP" time="0.042">
  <properties/>
  <testcase name="testSettingsFileCreateDefault" classname="com.neves6.piazzapanic.tests.TestUtility" time="0.011"/>
  <testcase name="testSettingsFileReadDefaultValues" classname="com.neves6.piazzapanic.tests.TestUtility" time="0.018"/>
  <testcase name="testSettingsFileReadWriteNewValues" classname="com.neves6.piazzapanic.tests.TestUtility" time="0.006"/>
  <system-out><![CDATA[]]></system-out>
  <system-err><![CDATA[]]></system-err>
</testsuite>
