<?xml version="1.0" encoding="UTF-8"?>
<testsuite name="com.neves6.piazzapanic.tests.UtilityTests" tests="2" skipped="0" failures="0" errors="0" timestamp="2023-04-17T17:18:32" hostname="HP-PAV14" time="0.019">
  <properties/>
  <testcase name="testSettingsFileCreateDefault" classname="com.neves6.piazzapanic.tests.UtilityTests" time="0.007"/>
  <testcase name="testSettingsFileReadWriteNewValues" classname="com.neves6.piazzapanic.tests.UtilityTests" time="0.002"/>
  <system-out><![CDATA[]]></system-out>
  <system-err><![CDATA[]]></system-err>
</testsuite>
