<?xml version="1.0" encoding="UTF-8"?>
<testsuite name="com.neves6.piazzapanic.tests.ChefTests" tests="6" skipped="0" failures="0" errors="0" timestamp="2023-03-06T12:58:07" hostname="HP-PAV14" time="0.217">
  <properties/>
  <testcase name="testChefSetMachine" classname="com.neves6.piazzapanic.tests.ChefTests" time="0.1"/>
  <testcase name="testSetFacing" classname="com.neves6.piazzapanic.tests.ChefTests" time="0.013"/>
  <testcase name="testChefConstructorValid" classname="com.neves6.piazzapanic.tests.ChefTests" time="0.014"/>
  <testcase name="testInvAdd" classname="com.neves6.piazzapanic.tests.ChefTests" time="0.013"/>
  <testcase name="testInvPop" classname="com.neves6.piazzapanic.tests.ChefTests" time="0.017"/>
  <testcase name="testChefSetSticky" classname="com.neves6.piazzapanic.tests.ChefTests" time="0.013"/>
  <system-out><![CDATA[]]></system-out>
  <system-err><![CDATA[]]></system-err>
</testsuite>
