<?xml version="1.0" encoding="UTF-8"?>
<testsuite name="com.neves6.piazzapanic.tests.ChefTests" tests="6" skipped="0" failures="0" errors="0" timestamp="2023-04-17T17:18:11" hostname="HP-PAV14" time="0.182">
  <properties/>
  <testcase name="testChefSetMachine" classname="com.neves6.piazzapanic.tests.ChefTests" time="0.086"/>
  <testcase name="testSetFacing" classname="com.neves6.piazzapanic.tests.ChefTests" time="0.01"/>
  <testcase name="testChefConstructorValid" classname="com.neves6.piazzapanic.tests.ChefTests" time="0.008"/>
  <testcase name="testInvAdd" classname="com.neves6.piazzapanic.tests.ChefTests" time="0.008"/>
  <testcase name="testInvPop" classname="com.neves6.piazzapanic.tests.ChefTests" time="0.01"/>
  <testcase name="testChefSetSticky" classname="com.neves6.piazzapanic.tests.ChefTests" time="0.01"/>
  <system-out><![CDATA[]]></system-out>
  <system-err><![CDATA[]]></system-err>
</testsuite>
