<?xml version="1.0" encoding="UTF-8"?>
<testsuite name="com.neves6.piazzapanic.tests.MachineTest" tests="5" skipped="0" failures="0" errors="0" timestamp="2023-04-26T10:00:57" hostname="DESKTOP-79QNHGP" time="0.904">
  <properties/>
  <testcase name="testIncrementRuntime" classname="com.neves6.piazzapanic.tests.MachineTest" time="0.015"/>
  <testcase name="testRuinedOutput" classname="com.neves6.piazzapanic.tests.MachineTest" time="0.235"/>
  <testcase name="testProcess" classname="com.neves6.piazzapanic.tests.MachineTest" time="0.336"/>
  <testcase name="testAttemptGetOutput" classname="com.neves6.piazzapanic.tests.MachineTest" time="0.218"/>
  <testcase name="testProcessStaffInteraction" classname="com.neves6.piazzapanic.tests.MachineTest" time="0.054"/>
  <system-out><![CDATA[]]></system-out>
  <system-err><![CDATA[]]></system-err>
</testsuite>
