<?xml version="1.0" encoding="UTF-8"?>
<testsuite name="com.neves6.piazzapanic.tests.TestScreenTransitions" tests="1" skipped="0" failures="0" errors="0" timestamp="2023-04-26T10:01:13" hostname="DESKTOP-79QNHGP" time="0.309">
  <properties/>
  <testcase name="testIntroScreenOnLaunch" classname="com.neves6.piazzapanic.tests.TestScreenTransitions" time="0.309"/>
  <system-out><![CDATA[]]></system-out>
  <system-err><![CDATA[]]></system-err>
</testsuite>
