<?xml version="1.0" encoding="UTF-8"?>
<testsuite name="com.neves6.piazzapanic.tests.TestScreenTransitions" tests="12" skipped="0" failures="0" errors="0" timestamp="2023-04-17T17:18:18" hostname="HP-PAV14" time="13.891">
  <properties/>
  <testcase name="testTutorialToGameOne" classname="com.neves6.piazzapanic.tests.TestScreenTransitions" time="0.108"/>
  <testcase name="testTutorialToGameTwo" classname="com.neves6.piazzapanic.tests.TestScreenTransitions" time="0.092"/>
  <testcase name="testTutorialToGameThree" classname="com.neves6.piazzapanic.tests.TestScreenTransitions" time="0.096"/>
  <testcase name="testCreditsScreenToTitle" classname="com.neves6.piazzapanic.tests.TestScreenTransitions" time="1.629"/>
  <testcase name="testTutorialButton" classname="com.neves6.piazzapanic.tests.TestScreenTransitions" time="1.232"/>
  <testcase name="testTutorialToTitle" classname="com.neves6.piazzapanic.tests.TestScreenTransitions" time="1.194"/>
  <testcase name="testIntrotoTitleScreen" classname="com.neves6.piazzapanic.tests.TestScreenTransitions" time="2.341"/>
  <testcase name="testTutorialToDefault" classname="com.neves6.piazzapanic.tests.TestScreenTransitions" time="1.104"/>
  <testcase name="testPlayButton" classname="com.neves6.piazzapanic.tests.TestScreenTransitions" time="2.24"/>
  <testcase name="testSettingsButton" classname="com.neves6.piazzapanic.tests.TestScreenTransitions" time="2.341"/>
  <testcase name="testCreditsButton" classname="com.neves6.piazzapanic.tests.TestScreenTransitions" time="1.257"/>
  <testcase name="testIntroScreenOnLaunch" classname="com.neves6.piazzapanic.tests.TestScreenTransitions" time="0.058"/>
  <system-out><![CDATA[]]></system-out>
  <system-err><![CDATA[]]></system-err>
</testsuite>
