<?xml version="1.0" encoding="UTF-8"?>
<testsuite name="com.neves6.piazzapanic.tests.ChefTests" tests="6" skipped="0" failures="0" errors="0" timestamp="2023-04-09T20:19:27" hostname="HP-PAV14" time="0.162">
  <properties/>
  <testcase name="testChefSetMachine" classname="com.neves6.piazzapanic.tests.ChefTests" time="0.073"/>
  <testcase name="testSetFacing" classname="com.neves6.piazzapanic.tests.ChefTests" time="0.005"/>
  <testcase name="testChefConstructorValid" classname="com.neves6.piazzapanic.tests.ChefTests" time="0.004"/>
  <testcase name="testInvAdd" classname="com.neves6.piazzapanic.tests.ChefTests" time="0.003"/>
  <testcase name="testInvPop" classname="com.neves6.piazzapanic.tests.ChefTests" time="0.004"/>
  <testcase name="testChefSetSticky" classname="com.neves6.piazzapanic.tests.ChefTests" time="0.003"/>
  <system-out><![CDATA[]]></system-out>
  <system-err><![CDATA[]]></system-err>
</testsuite>
