<?xml version="1.0" encoding="UTF-8"?>
<testsuite name="com.neves6.piazzapanic.tests.poweruptests.TestPowerUpRunner" tests="3" skipped="0" failures="0" errors="0" timestamp="2023-04-17T17:18:35" hostname="HP-PAV14" time="0.04">
  <properties/>
  <testcase name="testGetCorrectDelta" classname="com.neves6.piazzapanic.tests.poweruptests.TestPowerUpRunner" time="0.007"/>
  <testcase name="testPrettyPrintPowerups" classname="com.neves6.piazzapanic.tests.poweruptests.TestPowerUpRunner" time="0.006"/>
  <testcase name="testPrettyPrintNoPowerups" classname="com.neves6.piazzapanic.tests.poweruptests.TestPowerUpRunner" time="0.006"/>
  <system-out><![CDATA[]]></system-out>
  <system-err><![CDATA[]]></system-err>
</testsuite>
