<?xml version="1.0" encoding="UTF-8"?>
<testsuite name="com.neves6.piazzapanic.tests.gamemastertests.TestTextMaster" tests="13" skipped="0" failures="0" errors="0" timestamp="2023-04-26T10:01:13" hostname="DESKTOP-79QNHGP" time="3.325">
  <properties/>
  <testcase name="testReputationPointTextStart" classname="com.neves6.piazzapanic.tests.gamemastertests.TestTextMaster" time="0.281"/>
  <testcase name="testGetMachineTimerForChef" classname="com.neves6.piazzapanic.tests.gamemastertests.TestTextMaster" time="0.269"/>
  <testcase name="testDisplayTextEmpty" classname="com.neves6.piazzapanic.tests.gamemastertests.TestTextMaster" time="0.244"/>
  <testcase name="testReputationPointText" classname="com.neves6.piazzapanic.tests.gamemastertests.TestTextMaster" time="0.297"/>
  <testcase name="testCustomerTrayText" classname="com.neves6.piazzapanic.tests.gamemastertests.TestTextMaster" time="0.254"/>
  <testcase name="testCustomerTrayTextEmpty" classname="com.neves6.piazzapanic.tests.gamemastertests.TestTextMaster" time="0.199"/>
  <testcase name="testGenerateTimerText" classname="com.neves6.piazzapanic.tests.gamemastertests.TestTextMaster" time="0.275"/>
  <testcase name="testGetMachineTimerForChefNull" classname="com.neves6.piazzapanic.tests.gamemastertests.TestTextMaster" time="0.224"/>
  <testcase name="testReputationPointTextLost" classname="com.neves6.piazzapanic.tests.gamemastertests.TestTextMaster" time="0.193"/>
  <testcase name="testGenerateCustomerLeftStarting" classname="com.neves6.piazzapanic.tests.gamemastertests.TestTextMaster" time="0.235"/>
  <testcase name="testGenerateCustomerLeftNot" classname="com.neves6.piazzapanic.tests.gamemastertests.TestTextMaster" time="0.236"/>
  <testcase name="testDisplayTextFull" classname="com.neves6.piazzapanic.tests.gamemastertests.TestTextMaster" time="0.225"/>
  <testcase name="testGenerateCustomerLeft" classname="com.neves6.piazzapanic.tests.gamemastertests.TestTextMaster" time="0.242"/>
  <system-out><![CDATA[]]></system-out>
  <system-err><![CDATA[]]></system-err>
</testsuite>
