<?xml version="1.0" encoding="UTF-8"?>
<testsuite name="com.neves6.piazzapanic.tests.TestBasePowerUp" tests="7" skipped="0" failures="0" errors="0" timestamp="2023-03-06T12:58:08" hostname="HP-PAV14" time="0.107">
  <properties/>
  <testcase name="invalidEndTime" classname="com.neves6.piazzapanic.tests.TestBasePowerUp" time="0.0"/>
  <testcase name="testConstructorI" classname="com.neves6.piazzapanic.tests.TestBasePowerUp" time="0.0"/>
  <testcase name="validActivation" classname="com.neves6.piazzapanic.tests.TestBasePowerUp" time="0.0"/>
  <testcase name="invalidActivation" classname="com.neves6.piazzapanic.tests.TestBasePowerUp" time="0.011"/>
  <testcase name="testConstructorII" classname="com.neves6.piazzapanic.tests.TestBasePowerUp" time="0.001"/>
  <testcase name="testConstructorIII" classname="com.neves6.piazzapanic.tests.TestBasePowerUp" time="0.001"/>
  <testcase name="validEndTime" classname="com.neves6.piazzapanic.tests.TestBasePowerUp" time="0.006"/>
  <system-out><![CDATA[0
]]></system-out>
  <system-err><![CDATA[]]></system-err>
</testsuite>
