<?xml version="1.0" encoding="UTF-8"?>
<testsuite name="com.neves6.piazzapanic.tests.TestCustomer" tests="3" skipped="0" failures="0" errors="0" timestamp="2023-04-26T10:00:59" hostname="DESKTOP-79QNHGP" time="0.067">
  <properties/>
  <testcase name="testCustomerConstructorValid" classname="com.neves6.piazzapanic.tests.TestCustomer" time="0.026"/>
  <testcase name="testGetTxUp" classname="com.neves6.piazzapanic.tests.TestCustomer" time="0.014"/>
  <testcase name="testGetTxLeft" classname="com.neves6.piazzapanic.tests.TestCustomer" time="0.024"/>
  <system-out><![CDATA[]]></system-out>
  <system-err><![CDATA[]]></system-err>
</testsuite>
