<?xml version="1.0" encoding="UTF-8"?>
<testsuite name="com.neves6.piazzapanic.tests.stafftests.TestIngredientStaff" tests="6" skipped="0" failures="0" errors="0" timestamp="2023-04-26T10:01:22" hostname="DESKTOP-79QNHGP" time="0.084">
  <properties/>
  <testcase name="testEmptyStack" classname="com.neves6.piazzapanic.tests.stafftests.TestIngredientStaff" time="0.001"/>
  <testcase name="testPizzaStack" classname="com.neves6.piazzapanic.tests.stafftests.TestIngredientStaff" time="0.0"/>
  <testcase name="testBurgerStack" classname="com.neves6.piazzapanic.tests.stafftests.TestIngredientStaff" time="0.001"/>
  <testcase name="testPotatoStack" classname="com.neves6.piazzapanic.tests.stafftests.TestIngredientStaff" time="0.0"/>
  <testcase name="testSaladStack" classname="com.neves6.piazzapanic.tests.stafftests.TestIngredientStaff" time="0.001"/>
  <testcase name="testInvalidSaladStack" classname="com.neves6.piazzapanic.tests.stafftests.TestIngredientStaff" time="0.001"/>
  <system-out><![CDATA[]]></system-out>
  <system-err><![CDATA[]]></system-err>
</testsuite>
