<?xml version="1.0" encoding="UTF-8"?>
<testsuite name="com.neves6.piazzapanic.tests.stafftests.TestDeliveryServer" tests="3" skipped="0" failures="0" errors="0" timestamp="2023-04-26T10:01:22" hostname="DESKTOP-79QNHGP" time="0.033">
  <properties/>
  <testcase name="testPickupEmpty" classname="com.neves6.piazzapanic.tests.stafftests.TestDeliveryServer" time="0.001"/>
  <testcase name="testCollect" classname="com.neves6.piazzapanic.tests.stafftests.TestDeliveryServer" time="0.001"/>
  <testcase name="testPickup" classname="com.neves6.piazzapanic.tests.stafftests.TestDeliveryServer" time="0.0"/>
  <system-out><![CDATA[]]></system-out>
  <system-err><![CDATA[]]></system-err>
</testsuite>
