<?xml version="1.0" encoding="UTF-8"?>
<testsuite name="com.neves6.piazzapanic.tests.TestChef" tests="10" skipped="0" failures="0" errors="0" timestamp="2023-04-26T10:00:58" hostname="DESKTOP-79QNHGP" time="0.772">
  <properties/>
  <testcase name="testChefSetMachine" classname="com.neves6.piazzapanic.tests.TestChef" time="0.046"/>
  <testcase name="testGetLastMove" classname="com.neves6.piazzapanic.tests.TestChef" time="0.048"/>
  <testcase name="testSetFacingInvalid" classname="com.neves6.piazzapanic.tests.TestChef" time="0.041"/>
  <testcase name="testChefConstructorValid" classname="com.neves6.piazzapanic.tests.TestChef" time="0.028"/>
  <testcase name="testInvAdd" classname="com.neves6.piazzapanic.tests.TestChef" time="0.051"/>
  <testcase name="testInvPop" classname="com.neves6.piazzapanic.tests.TestChef" time="0.065"/>
  <testcase name="testTxtNowValid" classname="com.neves6.piazzapanic.tests.TestChef" time="0.25"/>
  <testcase name="testSetFacingValid" classname="com.neves6.piazzapanic.tests.TestChef" time="0.069"/>
  <testcase name="testTxtNowInvalid" classname="com.neves6.piazzapanic.tests.TestChef" time="0.069"/>
  <testcase name="testChefSetSticky" classname="com.neves6.piazzapanic.tests.TestChef" time="0.027"/>
  <system-out><![CDATA[]]></system-out>
  <system-err><![CDATA[]]></system-err>
</testsuite>
