<?xml version="1.0" encoding="UTF-8"?>
<testsuite name="com.neves6.piazzapanic.tests.UtilityTests" tests="3" skipped="0" failures="0" errors="0" timestamp="2023-02-22T10:45:24" hostname="HP-PAV14" time="0.057">
  <properties/>
  <testcase name="testSettingsFileCreateDefault" classname="com.neves6.piazzapanic.tests.UtilityTests" time="0.005"/>
  <testcase name="testSettingsFileReadDefaultValues" classname="com.neves6.piazzapanic.tests.UtilityTests" time="0.017"/>
  <testcase name="testSettingsFileReadWriteNewValues" classname="com.neves6.piazzapanic.tests.UtilityTests" time="0.004"/>
  <system-out><![CDATA[]]></system-out>
  <system-err><![CDATA[]]></system-err>
</testsuite>
