<?xml version="1.0" encoding="UTF-8"?>
<testsuite name="com.neves6.piazzapanic.tests.TestTimeFreeze" tests="3" skipped="0" failures="0" errors="0" timestamp="2023-03-06T12:58:11" hostname="HP-PAV14" time="0.035">
  <properties/>
  <testcase name="testActivatedFreeze" classname="com.neves6.piazzapanic.tests.TestTimeFreeze" time="0.001"/>
  <testcase name="testUnactivatedFreeze" classname="com.neves6.piazzapanic.tests.TestTimeFreeze" time="0.0"/>
  <testcase name="testConstructor" classname="com.neves6.piazzapanic.tests.TestTimeFreeze" time="0.0"/>
  <system-out><![CDATA[]]></system-out>
  <system-err><![CDATA[]]></system-err>
</testsuite>
