<?xml version="1.0" encoding="UTF-8"?>
<testsuite name="com.neves6.piazzapanic.tests.poweruptests.TestPowerUpRunner" tests="3" skipped="0" failures="0" errors="0" timestamp="2023-04-26T10:01:21" hostname="DESKTOP-79QNHGP" time="0.065">
  <properties/>
  <testcase name="testGetCorrectDelta" classname="com.neves6.piazzapanic.tests.poweruptests.TestPowerUpRunner" time="0.016"/>
  <testcase name="testPrettyPrintPowerups" classname="com.neves6.piazzapanic.tests.poweruptests.TestPowerUpRunner" time="0.011"/>
  <testcase name="testPrettyPrintNoPowerups" classname="com.neves6.piazzapanic.tests.poweruptests.TestPowerUpRunner" time="0.013"/>
  <system-out><![CDATA[]]></system-out>
  <system-err><![CDATA[]]></system-err>
</testsuite>
