<?xml version="1.0" encoding="UTF-8"?>
<testsuite name="com.neves6.piazzapanic.tests.poweruptests.TestBasePowerUp" tests="6" skipped="0" failures="0" errors="0" timestamp="2023-04-09T20:19:37" hostname="HP-PAV14" time="0.085">
  <properties/>
  <testcase name="testValidEndTime" classname="com.neves6.piazzapanic.tests.poweruptests.TestBasePowerUp" time="0.005"/>
  <testcase name="testValidActivation" classname="com.neves6.piazzapanic.tests.poweruptests.TestBasePowerUp" time="0.001"/>
  <testcase name="testInactivePrettyPrint" classname="com.neves6.piazzapanic.tests.poweruptests.TestBasePowerUp" time="0.0"/>
  <testcase name="testInvalidEndTime" classname="com.neves6.piazzapanic.tests.poweruptests.TestBasePowerUp" time="0.0"/>
  <testcase name="testActivePrettyPrint" classname="com.neves6.piazzapanic.tests.poweruptests.TestBasePowerUp" time="0.001"/>
  <testcase name="testConstructor" classname="com.neves6.piazzapanic.tests.poweruptests.TestBasePowerUp" time="0.001"/>
  <system-out><![CDATA[]]></system-out>
  <system-err><![CDATA[]]></system-err>
</testsuite>
