<?xml version="1.0" encoding="UTF-8"?>
<testsuite name="com.neves6.piazzapanic.tests.stafftests.TestBaseStaff" tests="3" skipped="0" failures="0" errors="0" timestamp="2023-04-26T10:01:21" hostname="DESKTOP-79QNHGP" time="1.036">
  <properties/>
  <testcase name="testValidTransitions" classname="com.neves6.piazzapanic.tests.stafftests.TestBaseStaff" time="0.0"/>
  <testcase name="testInvalidDimensions" classname="com.neves6.piazzapanic.tests.stafftests.TestBaseStaff" time="0.001"/>
  <testcase name="testStopTransitions" classname="com.neves6.piazzapanic.tests.stafftests.TestBaseStaff" time="1.002"/>
  <system-out><![CDATA[]]></system-out>
  <system-err><![CDATA[]]></system-err>
</testsuite>
