<?xml version="1.0" encoding="UTF-8"?>
<testsuite name="com.neves6.piazzapanic.tests.TestDeliveryServer" tests="2" skipped="0" failures="0" errors="0" timestamp="2023-04-09T20:19:29" hostname="HP-PAV14" time="0.019">
  <properties/>
  <testcase name="testCollect" classname="com.neves6.piazzapanic.tests.TestDeliveryServer" time="0.0"/>
  <testcase name="testPickup" classname="com.neves6.piazzapanic.tests.TestDeliveryServer" time="0.003"/>
  <system-out><![CDATA[]]></system-out>
  <system-err><![CDATA[]]></system-err>
</testsuite>
