<?xml version="1.0" encoding="UTF-8"?>
<testsuite name="com.neves6.piazzapanic.tests.TestTray" tests="5" skipped="0" failures="0" errors="0" timestamp="2023-04-26T10:01:13" hostname="DESKTOP-79QNHGP" time="0.137">
  <properties/>
  <testcase name="testAddToTrayRuined" classname="com.neves6.piazzapanic.tests.TestTray" time="0.027"/>
  <testcase name="testAddToInventoryComplete" classname="com.neves6.piazzapanic.tests.TestTray" time="0.028"/>
  <testcase name="testAddToTrayContentAdd" classname="com.neves6.piazzapanic.tests.TestTray" time="0.022"/>
  <testcase name="testAddToTrayDoNothing" classname="com.neves6.piazzapanic.tests.TestTray" time="0.04"/>
  <testcase name="testAddToTrayStaff" classname="com.neves6.piazzapanic.tests.TestTray" time="0.015"/>
  <system-out><![CDATA[]]></system-out>
  <system-err><![CDATA[]]></system-err>
</testsuite>
