<?xml version="1.0" encoding="UTF-8"?>
<testsuite name="com.neves6.piazzapanic.tests.TestScreenTransitions" tests="12" skipped="0" failures="0" errors="0" timestamp="2023-04-09T20:19:31" hostname="HP-PAV14" time="5.289">
  <properties/>
  <testcase name="testTutorialToGameOne" classname="com.neves6.piazzapanic.tests.TestScreenTransitions" time="0.057"/>
  <testcase name="testTutorialToGameTwo" classname="com.neves6.piazzapanic.tests.TestScreenTransitions" time="0.015"/>
  <testcase name="testTutorialToGameThree" classname="com.neves6.piazzapanic.tests.TestScreenTransitions" time="0.014"/>
  <testcase name="testCreditsScreenToTitle" classname="com.neves6.piazzapanic.tests.TestScreenTransitions" time="0.499"/>
  <testcase name="testTutorialButton" classname="com.neves6.piazzapanic.tests.TestScreenTransitions" time="0.345"/>
  <testcase name="testTutorialToTitle" classname="com.neves6.piazzapanic.tests.TestScreenTransitions" time="0.306"/>
  <testcase name="testIntrotoTitleScreen" classname="com.neves6.piazzapanic.tests.TestScreenTransitions" time="2.08"/>
  <testcase name="testTutorialToDefault" classname="com.neves6.piazzapanic.tests.TestScreenTransitions" time="0.297"/>
  <testcase name="testPlayButton" classname="com.neves6.piazzapanic.tests.TestScreenTransitions" time="0.594"/>
  <testcase name="testSettingsButton" classname="com.neves6.piazzapanic.tests.TestScreenTransitions" time="0.579"/>
  <testcase name="testCreditsButton" classname="com.neves6.piazzapanic.tests.TestScreenTransitions" time="0.288"/>
  <testcase name="testIntroScreenOnLaunch" classname="com.neves6.piazzapanic.tests.TestScreenTransitions" time="0.048"/>
  <system-out><![CDATA[]]></system-out>
  <system-err><![CDATA[]]></system-err>
</testsuite>
