<?xml version="1.0" encoding="UTF-8"?>
<testsuite name="com.neves6.piazzapanic.tests.poweruptests.TestBasePowerUp" tests="6" skipped="0" failures="0" errors="0" timestamp="2023-04-26T10:01:19" hostname="DESKTOP-79QNHGP" time="0.083">
  <properties/>
  <testcase name="testValidEndTime" classname="com.neves6.piazzapanic.tests.poweruptests.TestBasePowerUp" time="0.008"/>
  <testcase name="testValidActivation" classname="com.neves6.piazzapanic.tests.poweruptests.TestBasePowerUp" time="0.001"/>
  <testcase name="testInactivePrettyPrint" classname="com.neves6.piazzapanic.tests.poweruptests.TestBasePowerUp" time="0.001"/>
  <testcase name="testInvalidEndTime" classname="com.neves6.piazzapanic.tests.poweruptests.TestBasePowerUp" time="0.001"/>
  <testcase name="testActivePrettyPrint" classname="com.neves6.piazzapanic.tests.poweruptests.TestBasePowerUp" time="0.002"/>
  <testcase name="testConstructor" classname="com.neves6.piazzapanic.tests.poweruptests.TestBasePowerUp" time="0.001"/>
  <system-out><![CDATA[]]></system-out>
  <system-err><![CDATA[]]></system-err>
</testsuite>
