<?xml version="1.0" encoding="UTF-8"?>
<testsuite name="com.neves6.piazzapanic.tests.ShorterMachineTimeTests" tests="7" skipped="0" failures="0" errors="0" timestamp="2023-03-06T12:58:07" hostname="HP-PAV14" time="0.1">
  <properties/>
  <testcase name="testApplyPowerUpEmpty" classname="com.neves6.piazzapanic.tests.ShorterMachineTimeTests" time="0.001"/>
  <testcase name="testEndPowerUpUnattained" classname="com.neves6.piazzapanic.tests.ShorterMachineTimeTests" time="0.001"/>
  <testcase name="testEndPowerUpEmpty" classname="com.neves6.piazzapanic.tests.ShorterMachineTimeTests" time="0.001"/>
  <testcase name="testApplyPowerUpUnattained" classname="com.neves6.piazzapanic.tests.ShorterMachineTimeTests" time="0.001"/>
  <testcase name="testEndPowerUpAttained" classname="com.neves6.piazzapanic.tests.ShorterMachineTimeTests" time="0.007"/>
  <testcase name="testApplyPowerUpAttained" classname="com.neves6.piazzapanic.tests.ShorterMachineTimeTests" time="0.001"/>
  <testcase name="testConstructor" classname="com.neves6.piazzapanic.tests.ShorterMachineTimeTests" time="0.001"/>
  <system-out><![CDATA[]]></system-out>
  <system-err><![CDATA[]]></system-err>
</testsuite>
