<?xml version="1.0" encoding="UTF-8"?>
<testsuite name="com.neves6.piazzapanic.tests.TestAutoCook" tests="3" skipped="0" failures="0" errors="0" timestamp="2023-03-06T12:58:07" hostname="HP-PAV14" time="0.052">
  <properties/>
  <testcase name="testApplyPowerUpCompleteMachine" classname="com.neves6.piazzapanic.tests.TestAutoCook" time="0.016"/>
  <testcase name="testApplyPowerUpNoRunningMachine" classname="com.neves6.piazzapanic.tests.TestAutoCook" time="0.001"/>
  <testcase name="testConstructor" classname="com.neves6.piazzapanic.tests.TestAutoCook" time="0.001"/>
  <system-out><![CDATA[]]></system-out>
  <system-err><![CDATA[]]></system-err>
</testsuite>
