<?xml version="1.0" encoding="UTF-8"?>
<testsuite name="com.neves6.piazzapanic.tests.CustomerTests" tests="1" skipped="0" failures="0" errors="0" timestamp="2023-02-22T10:45:23" hostname="HP-PAV14" time="0.008">
  <properties/>
  <testcase name="testCustomerConstructorValid" classname="com.neves6.piazzapanic.tests.CustomerTests" time="0.008"/>
  <system-out><![CDATA[]]></system-out>
  <system-err><![CDATA[]]></system-err>
</testsuite>
