<?xml version="1.0" encoding="UTF-8"?>
<testsuite name="com.neves6.piazzapanic.tests.poweruptests.TestCheaperMachineUnlock" tests="4" skipped="0" failures="0" errors="0" timestamp="2023-04-26T10:01:19" hostname="DESKTOP-79QNHGP" time="2.032">
  <properties/>
  <testcase name="testEndPowerupInactive" classname="com.neves6.piazzapanic.tests.poweruptests.TestCheaperMachineUnlock" time="0.002"/>
  <testcase name="testEndPowerupActive" classname="com.neves6.piazzapanic.tests.poweruptests.TestCheaperMachineUnlock" time="2.002"/>
  <testcase name="testActivatedPowerUp" classname="com.neves6.piazzapanic.tests.poweruptests.TestCheaperMachineUnlock" time="0.001"/>
  <testcase name="testActivateUnactivePowerup" classname="com.neves6.piazzapanic.tests.poweruptests.TestCheaperMachineUnlock" time="0.0"/>
  <system-out><![CDATA[]]></system-out>
  <system-err><![CDATA[]]></system-err>
</testsuite>
