<?xml version="1.0" encoding="UTF-8"?>
<testsuite name="com.neves6.piazzapanic.tests.poweruptests.TestAutoCook" tests="4" skipped="0" failures="0" errors="0" timestamp="2023-04-26T10:01:19" hostname="DESKTOP-79QNHGP" time="0.076">
  <properties/>
  <testcase name="testApplyPowerUpRanOutOfTime" classname="com.neves6.piazzapanic.tests.poweruptests.TestAutoCook" time="0.028"/>
  <testcase name="testApplyPowerUpCompleteMachine" classname="com.neves6.piazzapanic.tests.poweruptests.TestAutoCook" time="0.027"/>
  <testcase name="testApplyPowerUpInactive" classname="com.neves6.piazzapanic.tests.poweruptests.TestAutoCook" time="0.017"/>
  <testcase name="testApplyPowerUpNoRunningMachine" classname="com.neves6.piazzapanic.tests.poweruptests.TestAutoCook" time="0.0"/>
  <system-out><![CDATA[]]></system-out>
  <system-err><![CDATA[]]></system-err>
</testsuite>
