<?xml version="1.0" encoding="UTF-8"?>
<testsuite name="com.neves6.piazzapanic.tests.TestBaseStaff" tests="3" skipped="0" failures="0" errors="0" timestamp="2023-04-17T17:18:11" hostname="HP-PAV14" time="1.044">
  <properties/>
  <testcase name="testValidTransitions" classname="com.neves6.piazzapanic.tests.TestBaseStaff" time="0.001"/>
  <testcase name="testInvalidDimensions" classname="com.neves6.piazzapanic.tests.TestBaseStaff" time="0.001"/>
  <testcase name="testStopTransitions" classname="com.neves6.piazzapanic.tests.TestBaseStaff" time="1.014"/>
  <system-out><![CDATA[]]></system-out>
  <system-err><![CDATA[]]></system-err>
</testsuite>
