<?xml version="1.0" encoding="UTF-8"?>
<testsuite name="com.neves6.piazzapanic.tests.gamemechanisms.TestGameSaver" tests="10" skipped="0" failures="0" errors="0" timestamp="2023-04-26T10:01:17" hostname="DESKTOP-79QNHGP" time="1.443">
  <properties/>
  <testcase name="testAddNoCustomers" classname="com.neves6.piazzapanic.tests.gamemechanisms.TestGameSaver" time="0.002"/>
  <testcase name="testTimeNeg" classname="com.neves6.piazzapanic.tests.gamemechanisms.TestGameSaver" time="0.003"/>
  <testcase name="testInvalidDifficultyLower" classname="com.neves6.piazzapanic.tests.gamemechanisms.TestGameSaver" time="0.002"/>
  <testcase name="testCustomersNull" classname="com.neves6.piazzapanic.tests.gamemechanisms.TestGameSaver" time="0.0"/>
  <testcase name="testInvalidDifficultyHigher" classname="com.neves6.piazzapanic.tests.gamemechanisms.TestGameSaver" time="0.0"/>
  <testcase name="testDecrementCustomerValid" classname="com.neves6.piazzapanic.tests.gamemechanisms.TestGameSaver" time="0.001"/>
  <testcase name="testDecrementCustomerInvalid" classname="com.neves6.piazzapanic.tests.gamemechanisms.TestGameSaver" time="0.001"/>
  <testcase name="testAddNegativeReputationPoints" classname="com.neves6.piazzapanic.tests.gamemechanisms.TestGameSaver" time="0.0"/>
  <testcase name="testDecrementCustomerEndless" classname="com.neves6.piazzapanic.tests.gamemechanisms.TestGameSaver" time="0.001"/>
  <testcase name="testCorrectFileFormat" classname="com.neves6.piazzapanic.tests.gamemechanisms.TestGameSaver" time="1.295"/>
  <system-out><![CDATA[]]></system-out>
  <system-err><![CDATA[]]></system-err>
</testsuite>
