<?xml version="1.0" encoding="UTF-8"?>
<testsuite name="com.neves6.piazzapanic.tests.gamemechanisms.TestGameReader" tests="2" skipped="0" failures="0" errors="0" timestamp="2023-04-26T10:01:17" hostname="DESKTOP-79QNHGP" time="0.456">
  <properties/>
  <testcase name="testLoadFromFileI" classname="com.neves6.piazzapanic.tests.gamemechanisms.TestGameReader" time="0.222"/>
  <testcase name="testLoadFromFileII" classname="com.neves6.piazzapanic.tests.gamemechanisms.TestGameReader" time="0.214"/>
  <system-out><![CDATA[]]></system-out>
  <system-err><![CDATA[]]></system-err>
</testsuite>
